Performing C SOURCE FILE Test CFLAGS_M64_ALLOWED failed with the following output:
Change Dir: C:/temp/geode-native/out/build/x64-Debug/CMakeFiles/CMakeTmp

Run Build Command(s):C:/Program Files/Microsoft Visual Studio/2022/Community/Common7/IDE/CommonExtensions/Microsoft/CMake/Ninja/ninja.exe cmTC_65cb9 && [1/2] Building C object CMakeFiles\cmTC_65cb9.dir\src.c.obj
cl : Command line warning D9002 : ignoring unknown option '-m64'
[2/2] Linking C executable cmTC_65cb9.exe


Source file was:
int main(void) { return 0; }
Performing C++ SOURCE FILE Test CXXFLAGS_M64_ALLOWED failed with the following output:
Change Dir: C:/temp/geode-native/out/build/x64-Debug/CMakeFiles/CMakeTmp

Run Build Command(s):C:/Program Files/Microsoft Visual Studio/2022/Community/Common7/IDE/CommonExtensions/Microsoft/CMake/Ninja/ninja.exe cmTC_c181a && [1/2] Building CXX object CMakeFiles\cmTC_c181a.dir\src.cxx.obj
cl : Command line warning D9002 : ignoring unknown option '-m64'
[2/2] Linking CXX executable cmTC_c181a.exe


Source file was:
int main() { return 0; }
Performing C SOURCE FILE Test CFLAGS_mt_ALLOWED failed with the following output:
Change Dir: C:/temp/geode-native/out/build/x64-Debug/CMakeFiles/CMakeTmp

Run Build Command(s):C:/Program Files/Microsoft Visual Studio/2022/Community/Common7/IDE/CommonExtensions/Microsoft/CMake/Ninja/ninja.exe cmTC_6fd83 && [1/2] Building C object CMakeFiles\cmTC_6fd83.dir\src.c.obj
cl : Command line warning D9002 : ignoring unknown option '-mt'
[2/2] Linking C executable cmTC_6fd83.exe


Source file was:
int main(void) { return 0; }
Performing C++ SOURCE FILE Test CXX_HAS_SANITIZE_UNDEFINED_FLAG failed with the following output:
Change Dir: C:/temp/geode-native/out/build/x64-Debug/CMakeFiles/CMakeTmp

Run Build Command(s):C:/Program Files/Microsoft Visual Studio/2022/Community/Common7/IDE/CommonExtensions/Microsoft/CMake/Ninja/ninja.exe cmTC_2fcf2 && [1/2] Building CXX object CMakeFiles\cmTC_2fcf2.dir\src.cxx.obj
cl : Command line warning D9002 : ignoring unknown option '-fsanitize=undefined'
[2/2] Linking CXX executable cmTC_2fcf2.exe


Source file was:
int main() { return 0; }
Performing C++ SOURCE FILE Test CXX_HAS_NO_SANITIZE_RECOVER_FLAG failed with the following output:
Change Dir: C:/temp/geode-native/out/build/x64-Debug/CMakeFiles/CMakeTmp

Run Build Command(s):C:/Program Files/Microsoft Visual Studio/2022/Community/Common7/IDE/CommonExtensions/Microsoft/CMake/Ninja/ninja.exe cmTC_7aa66 && [1/2] Building CXX object CMakeFiles\cmTC_7aa66.dir\src.cxx.obj
cl : Command line warning D9002 : ignoring unknown option '-fno-sanitize-recover'
[2/2] Linking CXX executable cmTC_7aa66.exe


Source file was:
int main() { return 0; }
Determining if the include file pthread.h exists failed with the following output:
Change Dir: C:/temp/geode-native/out/build/x64-Debug/CMakeFiles/CMakeTmp

Run Build Command(s):C:/Program Files/Microsoft Visual Studio/2022/Community/Common7/IDE/CommonExtensions/Microsoft/CMake/Ninja/ninja.exe cmTC_c4b1a && [1/2] Building C object CMakeFiles\cmTC_c4b1a.dir\CheckIncludeFile.c.obj
FAILED: CMakeFiles/cmTC_c4b1a.dir/CheckIncludeFile.c.obj 
C:\PROGRA~1\MICROS~3\2022\COMMUN~1\VC\Tools\MSVC\1430~1.307\bin\Hostx64\x64\cl.exe  /nologo   /DWIN32 /D_WINDOWS  /Zi /Ob0 /Od /RTC1 -MDd /showIncludes /FoCMakeFiles\cmTC_c4b1a.dir\CheckIncludeFile.c.obj /FdCMakeFiles\cmTC_c4b1a.dir\ /FS -c C:\temp\geode-native\out\build\x64-Debug\CMakeFiles\CMakeTmp\CheckIncludeFile.c
C:\temp\geode-native\out\build\x64-Debug\CMakeFiles\CMakeTmp\CheckIncludeFile.c(1): fatal error C1083: Cannot open include file: 'pthread.h': No such file or directory
ninja: build stopped: subcommand failed.



Determining if the function uname exists failed with the following output:
Change Dir: C:/temp/geode-native/out/build/x64-Debug/CMakeFiles/CMakeTmp

Run Build Command(s):C:/Program Files/Microsoft Visual Studio/2022/Community/Common7/IDE/CommonExtensions/Microsoft/CMake/Ninja/ninja.exe cmTC_62294 && [1/2] Building C object CMakeFiles\cmTC_62294.dir\CheckFunctionExists.c.obj
[2/2] Linking C executable cmTC_62294.exe
FAILED: cmTC_62294.exe 
cmd.exe /C "cd . && "C:\Program Files\Microsoft Visual Studio\2022\Community\Common7\IDE\CommonExtensions\Microsoft\CMake\CMake\bin\cmake.exe" -E vs_link_exe --intdir=CMakeFiles\cmTC_62294.dir --rc=C:\PROGRA~2\WI3CF2~1\10\bin\100190~1.0\x64\rc.exe --mt=C:\PROGRA~2\WI3CF2~1\10\bin\100190~1.0\x64\mt.exe --manifests  -- C:\PROGRA~1\MICROS~3\2022\COMMUN~1\VC\Tools\MSVC\1430~1.307\bin\Hostx64\x64\link.exe /nologo CMakeFiles\cmTC_62294.dir\CheckFunctionExists.c.obj  /out:cmTC_62294.exe /implib:cmTC_62294.lib /pdb:cmTC_62294.pdb /version:0.0 /machine:x64 /ignore:4099  /debug /INCREMENTAL /subsystem:console  kernel32.lib user32.lib gdi32.lib winspool.lib shell32.lib ole32.lib oleaut32.lib uuid.lib comdlg32.lib advapi32.lib && cd ."
LINK Pass 1: command "C:\PROGRA~1\MICROS~3\2022\COMMUN~1\VC\Tools\MSVC\1430~1.307\bin\Hostx64\x64\link.exe /nologo CMakeFiles\cmTC_62294.dir\CheckFunctionExists.c.obj /out:cmTC_62294.exe /implib:cmTC_62294.lib /pdb:cmTC_62294.pdb /version:0.0 /machine:x64 /ignore:4099 /debug /INCREMENTAL /subsystem:console kernel32.lib user32.lib gdi32.lib winspool.lib shell32.lib ole32.lib oleaut32.lib uuid.lib comdlg32.lib advapi32.lib /MANIFEST /MANIFESTFILE:CMakeFiles\cmTC_62294.dir/intermediate.manifest CMakeFiles\cmTC_62294.dir/manifest.res" failed (exit code 1120) with the following output:
CheckFunctionExists.c.obj : error LNK2019: unresolved external symbol uname referenced in function main
cmTC_62294.exe : fatal error LNK1120: 1 unresolved externals
ninja: build stopped: subcommand failed.



Performing C++ SOURCE FILE Test COMPILER_HAS_DEPRECATED_ATTR failed with the following output:
Change Dir: C:/temp/geode-native/out/build/x64-Debug/CMakeFiles/CMakeTmp

Run Build Command(s):C:/Program Files/Microsoft Visual Studio/2022/Community/Common7/IDE/CommonExtensions/Microsoft/CMake/Ninja/ninja.exe cmTC_30097 && [1/2] Building CXX object CMakeFiles\cmTC_30097.dir\src.cxx.obj
FAILED: CMakeFiles/cmTC_30097.dir/src.cxx.obj 
C:\PROGRA~1\MICROS~3\2022\COMMUN~1\VC\Tools\MSVC\1430~1.307\bin\Hostx64\x64\cl.exe  /nologo /TP -DCOMPILER_HAS_DEPRECATED_ATTR  /DWIN32 /D_WINDOWS /GR /EHsc /MP  /Zi /Ob0 /Od /RTC1 -MDd /showIncludes /FoCMakeFiles\cmTC_30097.dir\src.cxx.obj /FdCMakeFiles\cmTC_30097.dir\ /FS -c C:\temp\geode-native\out\build\x64-Debug\CMakeFiles\CMakeTmp\src.cxx
C:\temp\geode-native\out\build\x64-Debug\CMakeFiles\CMakeTmp\src.cxx(1): error C2065: '__deprecated__': undeclared identifier
C:\temp\geode-native\out\build\x64-Debug\CMakeFiles\CMakeTmp\src.cxx(1): error C4430: missing type specifier - int assumed. Note: C++ does not support default-int
C:\temp\geode-native\out\build\x64-Debug\CMakeFiles\CMakeTmp\src.cxx(1): error C2062: type 'int' unexpected
C:\temp\geode-native\out\build\x64-Debug\CMakeFiles\CMakeTmp\src.cxx(1): error C2143: syntax error: missing ';' before '{'
C:\temp\geode-native\out\build\x64-Debug\CMakeFiles\CMakeTmp\src.cxx(1): error C2447: '{': missing function header (old-style formal list?)
C:\temp\geode-native\out\build\x64-Debug\CMakeFiles\CMakeTmp\src.cxx(2): error C3861: 'somefunc': identifier not found
ninja: build stopped: subcommand failed.


Source file was:
__attribute__((__deprecated__)) int somefunc() { return 0; }
    int main() { return somefunc();}
